<?xml version="1.0" encoding="UTF-8"?>
<testng-results skipped="0" failed="0" ignored="0" total="3" passed="3">
  <reporter-output>
  </reporter-output>
  <suite name="FreeCRM Application Automation TestSuite" duration-ms="57920" started-at="2018-01-21T20:19:05Z" finished-at="2018-01-21T20:20:03Z">
    <groups>
    </groups>
    <test name="Free CRM Application Test" duration-ms="57920" started-at="2018-01-21T20:19:05Z" finished-at="2018-01-21T20:20:03Z">
      <class name="com.crm.qa.testcases.LoginPageTest">
        <test-method status="PASS" signature="setUp()[pri:0, instance:com.crm.qa.testcases.LoginPageTest@3c0ecd4b]" name="setUp" is-config="true" duration-ms="8295" started-at="2018-01-21T14:19:05Z" finished-at="2018-01-21T14:19:14Z">
          <reporter-output>
          </reporter-output>
        </test-method> <!-- setUp -->
        <test-method status="PASS" signature="loginPageTitleTest()[pri:1, instance:com.crm.qa.testcases.LoginPageTest@3c0ecd4b]" name="loginPageTitleTest" duration-ms="14" started-at="2018-01-21T14:19:14Z" finished-at="2018-01-21T14:19:14Z">
          <reporter-output>
          </reporter-output>
        </test-method> <!-- loginPageTitleTest -->
        <test-method status="PASS" signature="tearDown()[pri:0, instance:com.crm.qa.testcases.LoginPageTest@3c0ecd4b]" name="tearDown" is-config="true" duration-ms="754" started-at="2018-01-21T14:19:14Z" finished-at="2018-01-21T14:19:14Z">
          <reporter-output>
          </reporter-output>
        </test-method> <!-- tearDown -->
        <test-method status="PASS" signature="setUp()[pri:0, instance:com.crm.qa.testcases.LoginPageTest@3c0ecd4b]" name="setUp" is-config="true" duration-ms="7414" started-at="2018-01-21T14:19:14Z" finished-at="2018-01-21T14:19:22Z">
          <reporter-output>
          </reporter-output>
        </test-method> <!-- setUp -->
        <test-method status="PASS" signature="crmLogoImageTest()[pri:2, instance:com.crm.qa.testcases.LoginPageTest@3c0ecd4b]" name="crmLogoImageTest" duration-ms="45" started-at="2018-01-21T14:19:22Z" finished-at="2018-01-21T14:19:22Z">
          <reporter-output>
          </reporter-output>
        </test-method> <!-- crmLogoImageTest -->
        <test-method status="PASS" signature="tearDown()[pri:0, instance:com.crm.qa.testcases.LoginPageTest@3c0ecd4b]" name="tearDown" is-config="true" duration-ms="673" started-at="2018-01-21T14:19:22Z" finished-at="2018-01-21T14:19:22Z">
          <reporter-output>
          </reporter-output>
        </test-method> <!-- tearDown -->
        <test-method status="PASS" signature="setUp()[pri:0, instance:com.crm.qa.testcases.LoginPageTest@3c0ecd4b]" name="setUp" is-config="true" duration-ms="7644" started-at="2018-01-21T14:19:22Z" finished-at="2018-01-21T14:19:30Z">
          <reporter-output>
          </reporter-output>
        </test-method> <!-- setUp -->
        <test-method status="PASS" signature="loginTest()[pri:3, instance:com.crm.qa.testcases.LoginPageTest@3c0ecd4b]" name="loginTest" duration-ms="32344" started-at="2018-01-21T14:19:30Z" finished-at="2018-01-21T14:20:02Z">
          <reporter-output>
          </reporter-output>
        </test-method> <!-- loginTest -->
        <test-method status="PASS" signature="tearDown()[pri:0, instance:com.crm.qa.testcases.LoginPageTest@3c0ecd4b]" name="tearDown" is-config="true" duration-ms="698" started-at="2018-01-21T14:20:02Z" finished-at="2018-01-21T14:20:03Z">
          <reporter-output>
          </reporter-output>
        </test-method> <!-- tearDown -->
      </class> <!-- com.crm.qa.testcases.LoginPageTest -->
    </test> <!-- Free CRM Application Test -->
  </suite> <!-- FreeCRM Application Automation TestSuite -->
</testng-results>
