<?xml version="1.0" encoding="UTF-8"?>
<!-- Generated by org.testng.reporters.JUnitXMLReporter -->
<testsuite hostname="ASI-1" ignored="0" name="Free CRM Application Test" tests="3" failures="0" timestamp="21 Jan 2018 20:20:03 GMT" time="57.92" errors="0">
  <testcase name="loginPageTitleTest" time="0.014" classname="com.crm.qa.testcases.LoginPageTest"/>
  <testcase name="crmLogoImageTest" time="0.045" classname="com.crm.qa.testcases.LoginPageTest"/>
  <testcase name="loginTest" time="32.344" classname="com.crm.qa.testcases.LoginPageTest"/>
</testsuite> <!-- Free CRM Application Test -->
